<?xml version="1.0" encoding="UTF-8"?>
<!-- Generated by org.testng.reporters.JUnitReportReporter -->
<testsuite hostname="vs-lon-mac39.local" failures="0" tests="1" name="TestHomePage" time="6.234" errors="0" timestamp="20 Aug 2018 15:34:36 GMT" skipped="0">
  <testcase classname="TestHomePage" name="goToBeatsPage" time="6.234"/>
</testsuite> <!-- TestHomePage -->
