<?xml version="1.0" encoding="UTF-8"?>
<!-- Generated by org.testng.reporters.JUnitReportReporter -->
<testsuite hostname="vs-lon-mac39.local" failures="0" tests="1" name="TestHomePage" time="11.708" errors="0" timestamp="21 Aug 2018 08:15:30 GMT" skipped="0">
  <testcase classname="TestHomePage" name="goToBeatsPage" time="11.708"/>
</testsuite> <!-- TestHomePage -->
